<?xml version="1.0" encoding="UTF-8"?>
<testng-results ignored="0" total="10" passed="10" failed="0" skipped="0">
  <reporter-output>
  </reporter-output>
  <suite started-at="2024-08-26T11:02:23 BST" name="tests.wduTest" finished-at="2024-08-26T11:04:45 BST" duration-ms="142067">
    <groups>
    </groups>
    <test started-at="2024-08-26T11:02:23 BST" name="Command line test" finished-at="2024-08-26T11:04:45 BST" duration-ms="142067">
      <class name="tests.wduTest">
        <test-method is-config="true" signature="setUp()[pri:0, instance:tests.wduTest@37271612]" started-at="2024-08-26T11:02:23 BST" name="setUp" finished-at="2024-08-26T11:02:36 BST" duration-ms="13775" status="PASS">
          <reporter-output>
          </reporter-output>
        </test-method> <!-- setUp -->
        <test-method signature="verifyAjaxLoaderPopUpTest()[pri:1, instance:tests.wduTest@37271612]" started-at="2024-08-26T11:02:36 BST" name="verifyAjaxLoaderPopUpTest" finished-at="2024-08-26T11:02:45 BST" duration-ms="8684" status="PASS">
          <reporter-output>
          </reporter-output>
        </test-method> <!-- verifyAjaxLoaderPopUpTest -->
        <test-method is-config="true" signature="tearDown()[pri:0, instance:tests.wduTest@37271612]" started-at="2024-08-26T11:02:45 BST" name="tearDown" finished-at="2024-08-26T11:02:46 BST" duration-ms="1182" status="PASS">
          <reporter-output>
          </reporter-output>
        </test-method> <!-- tearDown -->
        <test-method is-config="true" signature="setUp()[pri:0, instance:tests.wduTest@37271612]" started-at="2024-08-26T11:02:46 BST" name="setUp" finished-at="2024-08-26T11:02:50 BST" duration-ms="3318" status="PASS">
          <reporter-output>
          </reporter-output>
        </test-method> <!-- setUp -->
        <test-method signature="verifyAjaxLoaderPopUpTest()[pri:1, instance:tests.wduTest@37271612]" started-at="2024-08-26T11:02:50 BST" name="verifyAjaxLoaderPopUpTest" finished-at="2024-08-26T11:02:58 BST" duration-ms="8534" status="PASS">
          <reporter-output>
          </reporter-output>
        </test-method> <!-- verifyAjaxLoaderPopUpTest -->
        <test-method is-config="true" signature="tearDown()[pri:0, instance:tests.wduTest@37271612]" started-at="2024-08-26T11:02:58 BST" name="tearDown" finished-at="2024-08-26T11:02:59 BST" duration-ms="1161" status="PASS">
          <reporter-output>
          </reporter-output>
        </test-method> <!-- tearDown -->
        <test-method is-config="true" signature="setUp()[pri:0, instance:tests.wduTest@37271612]" started-at="2024-08-26T11:02:59 BST" name="setUp" finished-at="2024-08-26T11:03:02 BST" duration-ms="2955" status="PASS">
          <reporter-output>
          </reporter-output>
        </test-method> <!-- setUp -->
        <test-method signature="verifyAjaxLoaderPopUpTest()[pri:1, instance:tests.wduTest@37271612]" started-at="2024-08-26T11:03:02 BST" name="verifyAjaxLoaderPopUpTest" finished-at="2024-08-26T11:03:11 BST" duration-ms="8567" status="PASS">
          <reporter-output>
          </reporter-output>
        </test-method> <!-- verifyAjaxLoaderPopUpTest -->
        <test-method is-config="true" signature="tearDown()[pri:0, instance:tests.wduTest@37271612]" started-at="2024-08-26T11:03:11 BST" name="tearDown" finished-at="2024-08-26T11:03:12 BST" duration-ms="1219" status="PASS">
          <reporter-output>
          </reporter-output>
        </test-method> <!-- tearDown -->
        <test-method is-config="true" signature="setUp()[pri:0, instance:tests.wduTest@37271612]" started-at="2024-08-26T11:03:12 BST" name="setUp" finished-at="2024-08-26T11:03:16 BST" duration-ms="3610" status="PASS">
          <reporter-output>
          </reporter-output>
        </test-method> <!-- setUp -->
        <test-method signature="verifyAjaxLoaderPopUpTest()[pri:1, instance:tests.wduTest@37271612]" started-at="2024-08-26T11:03:16 BST" name="verifyAjaxLoaderPopUpTest" finished-at="2024-08-26T11:03:24 BST" duration-ms="8535" status="PASS">
          <reporter-output>
          </reporter-output>
        </test-method> <!-- verifyAjaxLoaderPopUpTest -->
        <test-method is-config="true" signature="tearDown()[pri:0, instance:tests.wduTest@37271612]" started-at="2024-08-26T11:03:24 BST" name="tearDown" finished-at="2024-08-26T11:03:25 BST" duration-ms="1201" status="PASS">
          <reporter-output>
          </reporter-output>
        </test-method> <!-- tearDown -->
        <test-method is-config="true" signature="setUp()[pri:0, instance:tests.wduTest@37271612]" started-at="2024-08-26T11:03:25 BST" name="setUp" finished-at="2024-08-26T11:03:28 BST" duration-ms="2805" status="PASS">
          <reporter-output>
          </reporter-output>
        </test-method> <!-- setUp -->
        <test-method signature="verifyAjaxLoaderPopUpTest()[pri:1, instance:tests.wduTest@37271612]" started-at="2024-08-26T11:03:28 BST" name="verifyAjaxLoaderPopUpTest" finished-at="2024-08-26T11:03:37 BST" duration-ms="8572" status="PASS">
          <reporter-output>
          </reporter-output>
        </test-method> <!-- verifyAjaxLoaderPopUpTest -->
        <test-method is-config="true" signature="tearDown()[pri:0, instance:tests.wduTest@37271612]" started-at="2024-08-26T11:03:37 BST" name="tearDown" finished-at="2024-08-26T11:03:38 BST" duration-ms="1656" status="PASS">
          <reporter-output>
          </reporter-output>
        </test-method> <!-- tearDown -->
        <test-method is-config="true" signature="setUp()[pri:0, instance:tests.wduTest@37271612]" started-at="2024-08-26T11:03:38 BST" name="setUp" finished-at="2024-08-26T11:03:42 BST" duration-ms="3916" status="PASS">
          <reporter-output>
          </reporter-output>
        </test-method> <!-- setUp -->
        <test-method signature="verifyAjaxLoaderPopUpTest()[pri:1, instance:tests.wduTest@37271612]" started-at="2024-08-26T11:03:42 BST" name="verifyAjaxLoaderPopUpTest" finished-at="2024-08-26T11:03:51 BST" duration-ms="8539" status="PASS">
          <reporter-output>
          </reporter-output>
        </test-method> <!-- verifyAjaxLoaderPopUpTest -->
        <test-method is-config="true" signature="tearDown()[pri:0, instance:tests.wduTest@37271612]" started-at="2024-08-26T11:03:51 BST" name="tearDown" finished-at="2024-08-26T11:03:52 BST" duration-ms="1128" status="PASS">
          <reporter-output>
          </reporter-output>
        </test-method> <!-- tearDown -->
        <test-method is-config="true" signature="setUp()[pri:0, instance:tests.wduTest@37271612]" started-at="2024-08-26T11:03:52 BST" name="setUp" finished-at="2024-08-26T11:03:56 BST" duration-ms="3583" status="PASS">
          <reporter-output>
          </reporter-output>
        </test-method> <!-- setUp -->
        <test-method signature="verifyAjaxLoaderPopUpTest()[pri:1, instance:tests.wduTest@37271612]" started-at="2024-08-26T11:03:56 BST" name="verifyAjaxLoaderPopUpTest" finished-at="2024-08-26T11:04:04 BST" duration-ms="8520" status="PASS">
          <reporter-output>
          </reporter-output>
        </test-method> <!-- verifyAjaxLoaderPopUpTest -->
        <test-method is-config="true" signature="tearDown()[pri:0, instance:tests.wduTest@37271612]" started-at="2024-08-26T11:04:04 BST" name="tearDown" finished-at="2024-08-26T11:04:06 BST" duration-ms="1633" status="PASS">
          <reporter-output>
          </reporter-output>
        </test-method> <!-- tearDown -->
        <test-method is-config="true" signature="setUp()[pri:0, instance:tests.wduTest@37271612]" started-at="2024-08-26T11:04:06 BST" name="setUp" finished-at="2024-08-26T11:04:10 BST" duration-ms="3772" status="PASS">
          <reporter-output>
          </reporter-output>
        </test-method> <!-- setUp -->
        <test-method signature="verifyAjaxLoaderPopUpTest()[pri:1, instance:tests.wduTest@37271612]" started-at="2024-08-26T11:04:10 BST" name="verifyAjaxLoaderPopUpTest" finished-at="2024-08-26T11:04:18 BST" duration-ms="8530" status="PASS">
          <reporter-output>
          </reporter-output>
        </test-method> <!-- verifyAjaxLoaderPopUpTest -->
        <test-method is-config="true" signature="tearDown()[pri:0, instance:tests.wduTest@37271612]" started-at="2024-08-26T11:04:18 BST" name="tearDown" finished-at="2024-08-26T11:04:20 BST" duration-ms="1593" status="PASS">
          <reporter-output>
          </reporter-output>
        </test-method> <!-- tearDown -->
        <test-method is-config="true" signature="setUp()[pri:0, instance:tests.wduTest@37271612]" started-at="2024-08-26T11:04:20 BST" name="setUp" finished-at="2024-08-26T11:04:23 BST" duration-ms="2950" status="PASS">
          <reporter-output>
          </reporter-output>
        </test-method> <!-- setUp -->
        <test-method signature="verifyAjaxLoaderPopUpTest()[pri:1, instance:tests.wduTest@37271612]" started-at="2024-08-26T11:04:23 BST" name="verifyAjaxLoaderPopUpTest" finished-at="2024-08-26T11:04:31 BST" duration-ms="8660" status="PASS">
          <reporter-output>
          </reporter-output>
        </test-method> <!-- verifyAjaxLoaderPopUpTest -->
        <test-method is-config="true" signature="tearDown()[pri:0, instance:tests.wduTest@37271612]" started-at="2024-08-26T11:04:31 BST" name="tearDown" finished-at="2024-08-26T11:04:32 BST" duration-ms="1144" status="PASS">
          <reporter-output>
          </reporter-output>
        </test-method> <!-- tearDown -->
        <test-method is-config="true" signature="setUp()[pri:0, instance:tests.wduTest@37271612]" started-at="2024-08-26T11:04:32 BST" name="setUp" finished-at="2024-08-26T11:04:35 BST" duration-ms="2540" status="PASS">
          <reporter-output>
          </reporter-output>
        </test-method> <!-- setUp -->
        <test-method signature="verifyAjaxLoaderPopUpTest()[pri:1, instance:tests.wduTest@37271612]" started-at="2024-08-26T11:04:35 BST" name="verifyAjaxLoaderPopUpTest" finished-at="2024-08-26T11:04:44 BST" duration-ms="8574" status="PASS">
          <reporter-output>
          </reporter-output>
        </test-method> <!-- verifyAjaxLoaderPopUpTest -->
        <test-method is-config="true" signature="tearDown()[pri:0, instance:tests.wduTest@37271612]" started-at="2024-08-26T11:04:44 BST" name="tearDown" finished-at="2024-08-26T11:04:45 BST" duration-ms="1105" status="PASS">
          <reporter-output>
          </reporter-output>
        </test-method> <!-- tearDown -->
      </class> <!-- tests.wduTest -->
    </test> <!-- Command line test -->
  </suite> <!-- tests.wduTest -->
</testng-results>
