<?xml version="1.0" encoding="UTF-8"?>
<!-- Generated by org.testng.reporters.JUnitXMLReporter -->
<testsuite ignored="0" hostname="DESKTOP-O7UM0M3" failures="0" tests="10" name="Command line test" time="142.067" errors="0" timestamp="2024-08-26T11:04:45 BST">
  <testcase classname="tests.wduTest" name="verifyAjaxLoaderPopUpTest" time="8.684"/>
  <testcase classname="tests.wduTest" name="verifyAjaxLoaderPopUpTest" time="8.534"/>
  <testcase classname="tests.wduTest" name="verifyAjaxLoaderPopUpTest" time="8.567"/>
  <testcase classname="tests.wduTest" name="verifyAjaxLoaderPopUpTest" time="8.535"/>
  <testcase classname="tests.wduTest" name="verifyAjaxLoaderPopUpTest" time="8.572"/>
  <testcase classname="tests.wduTest" name="verifyAjaxLoaderPopUpTest" time="8.539"/>
  <testcase classname="tests.wduTest" name="verifyAjaxLoaderPopUpTest" time="8.52"/>
  <testcase classname="tests.wduTest" name="verifyAjaxLoaderPopUpTest" time="8.53"/>
  <testcase classname="tests.wduTest" name="verifyAjaxLoaderPopUpTest" time="8.66"/>
  <testcase classname="tests.wduTest" name="verifyAjaxLoaderPopUpTest" time="8.574"/>
</testsuite> <!-- Command line test -->
